[debug] [2024-11-17T00:05:39.973Z] ----------------------------------------------------------------------
[debug] [2024-11-17T00:05:39.975Z] Command:       D:\laragon\bin\nodejs\node-v18\node.exe D:\laragon\bin\nodejs\node-v18\node_modules\firebase-tools\lib\bin\firebase.js init
[debug] [2024-11-17T00:05:39.975Z] CLI Version:   13.25.0
[debug] [2024-11-17T00:05:39.975Z] Platform:      win32
[debug] [2024-11-17T00:05:39.975Z] Node Version:  v18.8.0
[debug] [2024-11-17T00:05:39.976Z] Time:          Sun Nov 17 2024 00:05:39 GMT+0000 (hora estándar de Europa occidental)
[debug] [2024-11-17T00:05:39.976Z] ----------------------------------------------------------------------
[debug] 
[debug] [2024-11-17T00:05:39.980Z] >>> [apiv2][query] GET https://firebase-public.firebaseio.com/cli.json [none]
[debug] [2024-11-17T00:05:40.019Z] > command requires scopes: ["email","openid","https://www.googleapis.com/auth/cloudplatformprojects.readonly","https://www.googleapis.com/auth/firebase","https://www.googleapis.com/auth/cloud-platform"]
[debug] [2024-11-17T00:05:40.019Z] > authorizing via signed-in user (marcoslorpen19@gmail.com)
[info] 
     ######## #### ########  ######## ########     ###     ######  ########
     ##        ##  ##     ## ##       ##     ##  ##   ##  ##       ##
     ######    ##  ########  ######   ########  #########  ######  ######
     ##        ##  ##    ##  ##       ##     ## ##     ##       ## ##
     ##       #### ##     ## ######## ########  ##     ##  ######  ########

You're about to initialize a Firebase project in this directory:

  D:\laragon\www\MyLaravelApp

[debug] [2024-11-17T00:05:40.359Z] <<< [apiv2][status] GET https://firebase-public.firebaseio.com/cli.json 200
[debug] [2024-11-17T00:05:40.359Z] <<< [apiv2][body] GET https://firebase-public.firebaseio.com/cli.json {"cloudBuildErrorAfter":1594252800000,"cloudBuildWarnAfter":1590019200000,"defaultNode10After":1594252800000,"minVersion":"3.0.5","node8DeploysDisabledAfter":1613390400000,"node8RuntimeDisabledAfter":1615809600000,"node8WarnAfter":1600128000000}
